<html>
<body>
<pre>
<h1>Vision Build Log</h1>
<h2>Tool Versions:</h2>
IDE-Version: μVision V5.25.3.0
Copyright (C) 2018 ARM Ltd and ARM Germany GmbH. All rights reserved.
License Information: 1 Microsoft, Microsoft, LIC=03C6R-KIDXE-2Z1W4-FI5SL-E8BHU-R7F4D
 
Tool Versions:
Toolchain:       MDK-ARM Plus  Version: 5.25.2.0
Toolchain Path:  E:\Keil_v5\ARM\ARMCC\Bin
C Compiler:      Armcc.exe V5.06 update 6 (build 750)
Assembler:       Armasm.exe V5.06 update 6 (build 750)
Linker/Locator:  ArmLink.exe V5.06 update 6 (build 750)
Library Manager: ArmAr.exe V5.06 update 6 (build 750)
Hex Converter:   FromElf.exe V5.06 update 6 (build 750)
CPU DLL:         SARMCM3.DLL V5.25.2.0
Dialog DLL:      DCM.DLL V1.17.1.0
Target DLL:      Segger\JL2CM3.dll V2.99.29.0
Dialog DLL:      TCM.DLL V1.35.1.0
 
<h2>Project:</h2>
F:\JK1222\Project\RVMDK（uv5）\BH-F429.uvprojx
Project File Date:  07/29/2022

<h2>Output:</h2>
*** Using Compiler 'V5.06 update 6 (build 750)', folder: 'E:\Keil_v5\ARM\ARMCC\Bin'
Build target '工程模板'
compiling main.c...
compiling stm32f4xx_it.c...
..\..\User\stm32f4xx_it.c(58): warning:  #177-D: function "MODS_03H"  was declared but never referenced
  static void MODS_03H(void);
..\..\User\stm32f4xx_it.c(59): warning:  #177-D: function "MODS_06H"  was declared but never referenced
  static void MODS_06H(void);
..\..\User\stm32f4xx_it.c(60): warning:  #177-D: function "RemTrig"  was declared but never referenced
  static void RemTrig(void);
..\..\User\stm32f4xx_it.c: 3 warnings, 0 errors
compiling pbdata.c...
compiling user.c...
..\..\User\user.c(1945): warning:  #177-D: variable "pt"  was declared but never referenced
      const u8 (*pt)[sizeof(Bat_Setitem[0])];
..\..\User\user.c(1992): warning:  #177-D: variable "pt"  was declared but never referenced
        const u8 (*pt)[sizeof(List_Setitem[0])];
..\..\User\user.c(2075): warning:  #177-D: variable "ppt"  was declared but never referenced
      const u8 (*ppt)[11];
..\..\User\user.c(2286): warning:  #177-D: variable "ppt"  was declared but never referenced
      const u8 (*ppt)[11];
..\..\User\user.c(2393): warning:  #177-D: variable "ppt"  was declared but never referenced
      const u8 (*ppt)[11];
..\..\User\user.c(2682): warning:  #177-D: variable "ppt"  was declared but never referenced
      const u8 (*ppt)[11];
..\..\User\user.c(2883): warning:  #177-D: variable "ppt"  was declared but never referenced
        const u8 (*ppt)[11];
..\..\User\user.c(3084): warning:  #177-D: variable "ppt"  was declared but never referenced
        const u8 (*ppt)[11];
..\..\User\user.c(3724): warning:  #177-D: variable "pt1"  was declared but never referenced
        const u8 (*pt1)[8];
..\..\User\user.c(3725): warning:  #177-D: variable "ppt"  was declared but never referenced
      const u8 (*ppt)[11];
..\..\User\user.c(4108): warning:  #177-D: variable "pt1"  was declared but never referenced
        const u8 (*pt1)[8];
..\..\User\user.c(4109): warning:  #177-D: variable "ppt"  was declared but never referenced
      const u8 (*ppt)[11];
..\..\User\user.c(4897): warning:  #177-D: variable "key_count"  was declared but never referenced
      char key_count=0;
..\..\User\user.c: 13 warnings, 0 errors
compiling test.c...
..\..\User\test.c(1897): warning:  #177-D: variable "oldskip"  was declared but never referenced
        static u32 oldskip;
..\..\User\test.c(1898): warning:  #177-D: variable "sendbuf"  was declared but never referenced
        char sendbuf[24];
..\..\User\test.c(1901): warning:  #177-D: variable "fnum"  was declared but never referenced
      UINT fnum;
..\..\User\test.c(1903): warning:  #177-D: variable "color"  was declared but never referenced
      u32 color;
..\..\User\test.c(1911): warning:  #177-D: variable "initset"  was declared but never referenced
        u8 initset = 15;//每次进入界面后重新设置初始参数
..\..\User\test.c(2411): warning:  #177-D: variable "oldskip"  was declared but never referenced
        static u32 oldskip;
..\..\User\test.c(2412): warning:  #177-D: variable "sendbuf"  was declared but never referenced
        char sendbuf[24];
..\..\User\test.c(2415): warning:  #177-D: variable "fnum"  was declared but never referenced
      UINT fnum;
..\..\User\test.c(2417): warning:  #177-D: variable "color"  was declared but never referenced
      u32 color;
..\..\User\test.c(2668): warning:  #177-D: variable "oldskip"  was declared but never referenced
        static u32 oldskip;
..\..\User\test.c(2669): warning:  #177-D: variable "sendbuf"  was declared but never referenced
        char sendbuf[24];
..\..\User\test.c(2672): warning:  #177-D: variable "fnum"  was declared but never referenced
      UINT fnum;
..\..\User\test.c(2674): warning:  #177-D: variable "color"  was declared but never referenced
      u32 color;
..\..\User\test.c(3255): warning:  #177-D: variable "oldskip"  was declared but never referenced
        static u32 oldskip;
..\..\User\test.c(3256): warning:  #177-D: variable "sendbuf"  was declared but never referenced
        char sendbuf[24];
..\..\User\test.c(3259): warning:  #177-D: variable "fnum"  was declared but never referenced
      UINT fnum;
..\..\User\test.c(3261): warning:  #177-D: variable "color"  was declared but never referenced
      u32 color;
..\..\User\test.c(3689): warning:  #177-D: variable "oldskip"  was declared but never referenced
        static u32 oldskip;
..\..\User\test.c(3690): warning:  #177-D: variable "sendbuf"  was declared but never referenced
        char sendbuf[24];
..\..\User\test.c(3693): warning:  #177-D: variable "fnum"  was declared but never referenced
      UINT fnum;
..\..\User\test.c(3695): warning:  #177-D: variable "color"  was declared but never referenced
      u32 color;
..\..\User\test.c(3702): warning:  #177-D: variable "initset"  was declared but never referenced
        u8 initset = 10;//每次进入界面后重新设置初始参数
..\..\User\test.c(4672): warning:  #177-D: variable "a"  was declared but never referenced
      float a,b;
..\..\User\test.c(4672): warning:  #177-D: variable "b"  was declared but never referenced
      float a,b;
..\..\User\test.c: 24 warnings, 0 errors
compiling GPIO.C...
compiling keyboard.c...
..\..\HARDWARE\keyboard.c(167): warning:  #111-D: statement is unreachable
                        }break;
..\..\HARDWARE\keyboard.c(205): warning:  #111-D: statement is unreachable
                        }break;
..\..\HARDWARE\keyboard.c(360): warning:  #111-D: statement is unreachable
                        }break;
..\..\HARDWARE\keyboard.c(397): warning:  #111-D: statement is unreachable
                        }break;
..\..\HARDWARE\keyboard.c(425): warning:  #940-D: missing return statement at end of non-void function "Encoder_Process" 
  }
..\..\HARDWARE\keyboard.c: 5 warnings, 0 errors
compiling bsp_lcd.c...
..\..\User\hzk.h(1100): warning:  #375-D: declaration requires a typedef name
  };
..\..\HARDWARE\lcd\bsp_lcd.c: 1 warning, 0 errors
compiling bsp_debug_usart.c...
..\..\HARDWARE\usart\bsp_debug_usart.c(1339): warning:  #1-D: last line of file ends without a newline
  }
..\..\HARDWARE\usart\bsp_debug_usart.c: 1 warning, 0 errors
compiling flash_eerom.c...
compiling bsp_rtc.c...
compiling bsp_bmp.c...
..\..\HARDWARE\bsp_bmp.c(20): error:  #20: identifier "UINT" is undefined
  UINT f_num;
..\..\HARDWARE\bsp_bmp.c(74): error:  #20: identifier "result" is undefined
        result = f_open(&file,filename,FA_CREATE_ALWAYS|FA_WRITE);
..\..\HARDWARE\bsp_bmp.c(74): warning:  #223-D: function "f_open" declared implicitly
        result = f_open(&file,filename,FA_CREATE_ALWAYS|FA_WRITE);
..\..\HARDWARE\bsp_bmp.c(74): error:  #20: identifier "file" is undefined
        result = f_open(&file,filename,FA_CREATE_ALWAYS|FA_WRITE);
..\..\HARDWARE\bsp_bmp.c(74): error:  #20: identifier "FA_CREATE_ALWAYS" is undefined
        result = f_open(&file,filename,FA_CREATE_ALWAYS|FA_WRITE);
..\..\HARDWARE\bsp_bmp.c(74): error:  #20: identifier "FA_WRITE" is undefined
        result = f_open(&file,filename,FA_CREATE_ALWAYS|FA_WRITE);
..\..\HARDWARE\bsp_bmp.c(76): error:  #20: identifier "FR_OK" is undefined
        if(result==FR_OK)
..\..\HARDWARE\bsp_bmp.c(79): warning:  #223-D: function "f_write" declared implicitly
                result = f_write(&file, header,54, &f_num);             
..\..\HARDWARE\bsp_bmp.c(86): warning:  #223-D: function "LCD_ReadPixel" declared implicitly
            read_data=LCD_ReadPixel(y+j, x+i);                  
..\..\HARDWARE\bsp_bmp.c(101): warning:  #223-D: function "LCD_ReadPixel" declared implicitly
            read_data = LCD_ReadPixel(y+j, x+i);                                
..\..\HARDWARE\bsp_bmp.c(115): warning:  #223-D: function "f_close" declared implicitly
                f_close(&file); 
..\..\HARDWARE\bsp_bmp.c(118): error:  #20: identifier "FR_EXIST" is undefined
        else if(result==FR_EXIST)  //如果文件已经存在
..\..\HARDWARE\bsp_bmp.c(122): warning:  #1-D: last line of file ends without a newline
  }
..\..\HARDWARE\bsp_bmp.c: 6 warnings, 7 errors
compiling diskio.c...
compiling ff.c...
compiling cc936.c...
compiling usbh_usr.c...
"..\..\Output\Template.axf" - 7 Error(s), 53 Warning(s).

<h2>Software Packages used:</h2>

Package Vendor: Keil
                http://www.keil.com/pack/Keil.STM32F4xx_DFP.2.13.0.pack
                Keil.STM32F4xx_DFP.2.13.0
                STMicroelectronics STM32F4 Series Device Support, Drivers and Examples

<h2>Collection of Component include folders:</h2>
  .\RTE\_________
  D:\Keil_v5\ARM\PACK\Keil\STM32F4xx_DFP\2.13.0\Drivers\CMSIS\Device\ST\STM32F4xx\Include

<h2>Collection of Component Files used:</h2>
Target not created.
Build Time Elapsed:  00:00:27
</pre>
</body>
</html>
